<?xml version="1.0" encoding="UTF-8"?>
<testsuite name="LoginInBag" tests="1" skipped="0" failures="0" errors="0" timestamp="2025-07-29T11:38:54" hostname="MacBook-Air-Pavel.local" time="43.251">
  <properties/>
  <testcase name="Бронирование экскурсий с авторизацией в корзине" classname="LoginInBag" time="43.251"/>
  <system-out><![CDATA[Номер бронирования: 9923701
]]></system-out>
  <system-err><![CDATA[июл. 29, 2025 3:38:55 PM org.openqa.selenium.devtools.CdpVersionFinder findNearestMatch
WARNING: Unable to find CDP implementation matching 138
июл. 29, 2025 3:38:55 PM org.openqa.selenium.chromium.ChromiumDriver lambda$new$5
WARNING: Unable to find version of CDP to use for 138.0.7204.169. You may need to include a dependency on a specific version of the CDP using something similar to `org.seleniumhq.selenium:selenium-devtools-v86:4.13.0` where the version ("v86") matches the version of the chromium-based browser you're using and the version number of the artifact is the same as Selenium's.
]]></system-err>
</testsuite>
